<?xml version="1.0" encoding="UTF-8"?>
<testsuite name="com.company.stringmanipulator.StringManipulatorServiceTest" tests="4" skipped="0" failures="0" errors="0" timestamp="2020-11-01T01:49:14" hostname="LAPTOP-OS4ODPNH" time="0.027">
  <properties/>
  <testcase name="testfilterDelete()" classname="com.company.stringmanipulator.StringManipulatorServiceTest" time="0.02"/>
  <testcase name="testfilterDelete_EmptyList()" classname="com.company.stringmanipulator.StringManipulatorServiceTest" time="0.0"/>
  <testcase name="testfilterLongest_EmptyList()" classname="com.company.stringmanipulator.StringManipulatorServiceTest" time="0.003"/>
  <testcase name="testfilterLongest()" classname="com.company.stringmanipulator.StringManipulatorServiceTest" time="0.001"/>
  <system-out><![CDATA[]]></system-out>
  <system-err><![CDATA[]]></system-err>
</testsuite>
